Arguments: 
  C:\Program Files\nodejs\node.exe C:\Users\QZX\AppData\Roaming\npm\node_modules\yarn\bin\yarn.js add dtslib @types/node typescript que-proxyable@latest

PATH: 
  C:\Program Files\Git\mingw64\bin;C:\Program Files\Git\usr\bin;C:\Users\QZX\bin;C:\Program Files\Python38\Scripts;C:\Program Files\Python38;D:\app\QZX\product\11.2.0\dbhome_1\bin;D:\app\QZX\product\11.2.0\dbhome_2\bin;D:\Program Files (x86)\java\bin;D:\Program Files (x86)\java\jre\bi;.;C:\Python38\Scripts;C:\Python38;C:\windows\system32;C:\windows;C:\windows\System32\Wbem;C:\windows\System32\WindowsPowerShell\v1.0;C:\windows\System32\OpenSSH;C:\Program Files\nodejs;C:\ProgramData\chocolatey\bin;C:\Program Files\Git\cmd;C:\Users\QZX\Downloads\pdi-ce-9.0.0.0-423\data-integration;C:\Users\QZX\AppData\Roaming\Python\Python38\Scripts;D:\Program Files\CMake\bin;C:\Users\QZX\Downloads\ngrok-stable-windows-amd64;C:\Go\bin;C:\Users\QZX\AppData\Local\Microsoft\WindowsApps;C:\Wind\Wind.NET.Client\WindNET\bin;D:\Wind\Wind.NET.Client\WindNET\bin;C:\Users\QZX\AppData\Roaming\npm;C:\MinGW\bin;C:\Wind\Wind.NET.Client\WindNET\x64;C:\Program Files\JetBrains\IntelliJ IDEA 2019.3.5\bin;C:\Program Files\JetBrains\DataGrip 2020.1.5\bin;C:\Users\QZX\AppData\Local\Programs\Microsoft VS Code\bin;C:\Program Files\JetBrains\CLion 2019.3.6\bin;C:\Users\QZX\go\bin

Yarn version: 
  1.22.5

Node version: 
  14.8.0

Platform: 
  win32 x64

Trace: 
  Error: https://registry.npmjs.org/dtslib: Not found
      at Request.params.callback [as _callback] (C:\Users\QZX\AppData\Roaming\npm\node_modules\yarn\lib\cli.js:66988:18)
      at Request.self.callback (C:\Users\QZX\AppData\Roaming\npm\node_modules\yarn\lib\cli.js:140662:22)
      at Request.emit (events.js:314:20)
      at Request.<anonymous> (C:\Users\QZX\AppData\Roaming\npm\node_modules\yarn\lib\cli.js:141634:10)
      at Request.emit (events.js:314:20)
      at IncomingMessage.<anonymous> (C:\Users\QZX\AppData\Roaming\npm\node_modules\yarn\lib\cli.js:141556:12)
      at Object.onceWrapper (events.js:420:28)
      at IncomingMessage.emit (events.js:326:22)
      at endReadableNT (_stream_readable.js:1244:12)
      at processTicksAndRejections (internal/process/task_queues.js:80:21)

npm manifest: 
  {
    "name": "que-fe",
    "version": "1.0.0",
    "description": "",
    "main": "index.js",
    "scripts": {
      "test": "echo \"Error: no test specified\" && exit 1"
    },
    "author": "",
    "license": "ISC"
  }

yarn manifest: 
  No manifest

Lockfile: 
  No lockfile
